vmware server virtual
obama mccain campaign
file windows software
drive computer card
game play video
vote house election
health patient medical
food eat cook
god church jesus
china chinese olympics
palin sarah mccain
look white color
financial bank market
weight body fat
car power vehicle
site web google
oil energy gas
cell gene protein
phone mobile iphone
music song band
game team run
family brother die
court law case
size shoe bag
school student university
game team season
store sell sale
business company technology
military force war
room bedroom floor
million price percent
wear baby dress
child woman family
book read write
love look want
apple ipod mac
word write language
camera digital video
code user datum
iraq war government
night week home
earth sun space
church arch wall
picture portrait paint
plant tree fruit
god church christian
church florence pope
art artist picture
child labor case
ship naval navy
case operation patient
school teacher child
music musical part
house room wall
century fig plate
acid solution water
city wall place
building architecture architect
inch foot weight
bone tissue form
chinese japanese ware
san los california
king emperor france
love heart thou
island ship coast
museum vase ornament
water foot concrete
spain philip spanish
mr. mrs. young
war army enemy
tree garden landscape
church cathedral century
nature mind human
portrait lady collection
play poet story
water air experiment
gun steel fire
sun star object
voice word sound
party campaign candidate
israel peace barak
game run hit
health drug patient
stock fund market
kosovo war nato
food wine restaurant
court law case
bill house senate
art museum artist
sell sale store
game team play
show television network
car vehicle drive
plane kennedy flight
bank money financial
worker job union
bush campaign texas
coach game play
investigation fbi official
farmer farm food
china chinese japan
cup cook minute
cell cancer human
baseball league game
golf play cup
military war force
game play season
fish animal dog
computer internet software
book write writer
music band song
tax cut money
race smith driver
hurricane storm beach
prison crime murder
government political country
university college student
wear fashion look
child parent kid
family home father
house room wall
fight lewis ray
russia russian east
theater play music
team sport game
san francisco california
phone card call
school student education
film movie star
space moon earth
gun police shooting
percent rate increase
team million season
water plant summer
company business executive
race win horse
woman ms. sex
city street town
artery vascular coronary
cancer breast prostate
lung pulmonary asthma
cell response immune
kinase pathway signal
liver hepatic resistance
infection virus viral
hormone thyroid level
receptor neuron antagonist
virus vaccine influenza
disease patient schizophrenia
renal kidney hypertension
infection antibiotic isolate
diabetes glucose insulin
expression endothelial inflammatory
pain disorder symptom
embryo sperm ovarian
cardiac heart ventricular
dna methylation damage
tumor cell carcinoma
strain isolate bacterium
antibody assay detection
patient diagnosis diagnostic
patient transplantation transplant
food intake diet
method sample mass
cell stem culture
image imaging volume
bone fracture density
stress oxidative mitochondrial
gene expression protein
gastric dose radiation
eye visual retinal
protein binding domain
mutation gene genetic
woman pregnancy infant
patient surgery surgical
knee joint degree
patient treatment management
injury brain spinal
patient syndrome case
nerve stimulation response
plant leaf seed
surface film nanoparticle
activity compound inhibitor
gene expression analysis
species sequence evolution
protein membrane cell
blood pressure flow
light laser optical
reaction complex synthesis
channel ca( calcium
cell apoptosis line
alcohol sexual drug
child age adult
care practice patient
implant technique device
disease review development
score quality scale
concentration plasma dog
patient acute mortality
rate population prevalence
dose iron study
case report lesion
system cost datum
treatment patient trial
phase solution water
polymer release property
correlation analysis sleep
sample test screening
response task stimulus
patient survival disease
memory cognitive brain
level patient serum
muscle exercise activity
method datum algorithm
female male population
social study adolescent
process mechanism role
model datum estimate
exposure concentration water
