cloud computing,microsoft exchange server,vmware,web application,virtualization,operating system
conservative democrat,democratic party (united states),presidential nominee,bill clinton
windows 10,windows 8.1,operating system,windows 8,internet explorer,windows server 2003,windows 2000,windows 7,microsoft office,microsoft visual studio
pc card,operating system,flash memory,motherboard,desktop computer,personal computer,microprocessor,usb
xbox one,xbox 360,virtual console,wii,xbox (console),video game console
election,electoral college,by-election,general election,primary election
hospital,patient,health,medicine,neurology,oncology,cancer
cooking,pasta,barbecue sauce
son of god,catholicism,holy spirit (christianity),baptism,faith,christian theology,sacrament,god the father,christian church,christianity
olympic gold,summer olympic games,winter olympic games,2008 summer olympics,olympic sports,2004 summer olympics,olympic games,2012 summer olympics
conservative democrat,sarah palin
blue,black
investment banking,subprime mortgage crisis,great recession,capital market,financial crisis,refinancing,financial services
weight loss,appetite,weight management,dieting,diet (nutrition),obesity,eating,saturated fat
front-wheel drive,engine,automatic transmission
internet,web portal,google search,mobile app,website,web browser,user-generated content,google analytics,social networking service,adsense
biofuel,petroleum,diesel fuel,energy development,fossil fuel,natural gas,biomass,alternative energy
gene expression
mobile device,mobile web,android (operating system),smartphone,mobile phone
rock music,the band,album
playoffs
father,brother
state prosecutor,grand jury,indictment,jury trial,criminal law,acquittal,state court (united states),superior court,judiciary,district court
footwear,shoe
primary education,school,secondary education,matriculation,university,high school,student,graduate school,graduate,teacher,education,private school
player-coach,football team,championship,professional football (gridiron)
grocery store,coupon,sales,buyer,costco,supermarket,purchasing
marketing,business development,industry,supply chain management,project management,technical support,business,technology company,business model,risk management
united states army,military police,artillery,aerial warfare,united states marine corps,army,infantry tactics,marines,airborne forces
house,the living room,dining room,room,kitchen
tax revenue,consumer spending,market share,percentage point,tax rate,revenue,annual growth rate
costume
marriage,husband
book,novelist,library journal,author,publishing,novel,writer,biography,the writer,essay
fall in love
ios,smartphone,iphone,apple inc.
learning to read,alphabet,vocabulary,writing system,word,speaking,language,english language,writing,orthography
camera phone,camcorder,touchscreen,video,webcam
database,metadata,c++,data type
george w. bush,mahmoud abbas,iraq,saddam hussein,iraq war,2003 invasion of iraq
in the evening
planet,moon,ganymede (moon),titan (moon)
church architecture
painting,renaissance art,self-portrait,portrait painting
leaf,rootstock,inflorescence,seedling
jesus,god the father,christian theology,faith,salvation,eternal life (christianity),son of god,christianity,holy spirit (christianity)
duomo,florence,san giovanni,lucca
illustrator,abstract art,oil painting,printmaking,portrait painting,art history,visual arts,fine art,art,watercolor painting,painting
cervix,caesarean section,placenta,pregnancy,childbirth,ectopic pregnancy,endometrium,uterus
ship,aircraft carrier,battlecruiser,navy,naval aviation,warship,submarine,torpedo boat,naval warfare
ovarian cancer,brain tumor,surgery,medical procedure
high school,music education,education,vocational education,state school,teacher,boarding school,school,student,secondary school,curriculum,art school
symphony,chamber music,song,music,concert performance,classical music,opera,orchestra,symphony no. 9 (beethoven),concerto
building,floor,window,entryway
byzantine art,saint peter,pope gregory i,baptistery,cathedral,church architecture,basilica,history of christianity,christianity
hydrochloric acid,nitric acid
temple,shrine,roman temple,roman art,roman sculpture,roman forum
church architecture,modern architecture,history of architecture,architectural style,renaissance architecture,gothic revival architecture,architect,georgian architecture,palladian architecture,architecture,architectural design
cubic foot,length,pounds per square inch
connective tissue,periosteum,cartilage,muscle,inflammation
tang dynasty,japanese art,ceramic art,chinese ceramics,porcelain,cloisonné
los angeles,southern california,san fernando valley,baja california
prince,louis xiii of france,louis xiv of france,francis i of france,duke of burgundy
love,mother
north sea,harbor,boat
ancient art,art,history of art,ceramic art,medieval art,victoria and albert museum,iconography
building material,concrete,reinforced concrete
spanish empire
aunt,wife
special forces,military strategy,army,battle
japanese garden,topiary,garden,natural landscape,garden design,ornamental plant,picturesque,gardening
cathedral,church architecture,gothic architecture,romanesque architecture,hereford cathedral,priory church
rationalism,mind,natural law,knowledge,human nature
elizabeth
poetry,english literature,writer,novel
heat sink,thermal expansion,electric current,heat pipe,evaporation
naval artillery,gun turret
star,moon,uranus
diction,voice (phonetics),utterance,tone (linguistics),prosody (linguistics)
election,primary election,political party,presidential nominee,independent democrat,candidate,state senator,democratic party (united states),voter turnout,general election
palestinian territories,benjamin netanyahu,east jerusalem,avigdor lieberman,israeli settlement
extra innings,boston red sox
physician,health,psychiatry,hospital,ambulatory care,clinic,patient
financial services,investment fund,stock exchange,investment company,investor,capital market,stock market,investment
kosovo liberation army,yugoslav wars,kosovo serbs,breakup of yugoslavia,kosovo albanians,kosovo,kosovo war
the drink,cider,coffee,drink,beer
superior court,lawyer,jury trial,federal court,attorney general,supreme court,prosecutor,appellate court
new york state senate,joe lieberman,111th united states congress,united states senate
art,venice biennale,metropolitan museum of art,art museum,museum of fine arts,modern art,contemporary art,museum,exhibition,smithsonian american art museum
pricing,wholesale,sales,the sale,business-to-business,reseller,online shopping,profit margin,broker,marketing,purchasing,vendor
playoffs,head coach,national football league,professional football (gridiron)
broadcast syndication,television network,television program,fox broadcasting company,usa network
new car,truck,car,pickup truck,four-wheel drive
airplane,boeing 737,airliner
financial market,financial services,mortgage loan,government debt,financial institution,bank,financial system,finance,stock market,deposit insurance,private banking,capital market,monetary policy
self-employment,payroll,employment,wage,employment contract,laborer,trade union,workplace
joe lieberman,george w. bush,conservative democrat,george h. w. bush,presidential nominee
player-coach,professional football (gridiron),football team,college football
special agent,criminal investigation,special prosecutor,attorney general,federal bureau of investigation
sustainable agriculture,animal feed,crop,farm,intensive farming,organic farming,agriculture,vegetable,maize,wheat
china,beijing,zhejiang
tomato sauce,fish sauce
gene therapy,genetics
game
golf,stroke play,championship,ryder cup,presidents cup,darren clarke
air national guard,military,aerial warfare,chemical warfare,army,united states army,special forces,military aircraft,close air support,united states marine corps,armed forces,tactical air command,military strategy
tournament,football team,championship,player-coach
fishing,freshwater fish,trout
software,computer network,computing,computer,web application,commercial software,open source,operating system
publishing,book review,the novel,novel,the writer,book,writer,novelist,essay,non-fiction,journal
disco,pop rock,pop music
troubled asset relief program,capital gains tax,government spending,tax revenue,budget,value-added tax,taxpayer,income tax
joe gibbs racing
hurricane irene,hurricane charley,hurricane wilma,hurricane georges,hurricane andrew,tropical storm beryl (2012)
attempted murder,arrest,manslaughter,arrest warrant
national unity government,democratic party (united states),political party,prime minister,politics,government,social democracy,head of state
university,graduate,college,harvard university,graduate school,brown university
fashion,dress,fashion design,clothing,gown,french fashion,karl lagerfeld,blouse
mother,parenting,child
daughter,father
courtyard
super middleweight,professional boxing,light middleweight
russia
performing arts,opera,music,new york city opera,artistic director,theatre,musical theatre,choreography,operetta,concert performance
penalty shootout,north american soccer league,fifa world cup,football,association football,tournament
san francisco bay area,san francisco,san francisco bay
email,skype,voice over ip,email address,mobile phone,voicemail
middle school,graduate,curriculum,graduate school,undergraduate education,vocational education,primary education,state school,secondary education,school,university,education
fantasy film,film adaptation,quentin tarantino,a movie,martin scorsese,film director,film
space research,space probe,spaceflight,nasa,spacecraft,human spaceflight,space station,mars,lander (spacecraft)
police,handgun,attempted murder,firearm,shooting,arrest,murder
percentage,market value,population,inflation,profit margin,market share,annual growth rate
player-coach,contract
microclimate,growing season,humidity
holding company,investment,public company,financial services
racer,washington park handicap
a woman,sexual intercourse,premarital sex
residential community,city
pulmonary artery,ascending aorta,aneurysm,blood vessel,aortic stenosis,stenosis,aorta,aortic valve,aortic aneurysm
radiation therapy,carcinoma,breast cancer,colorectal cancer,melanoma,lymphoma
inflammation,infection,asthma,cough
t cell,mast cell,immune system,innate immune system,cytokine
protein kinase c,wnt signaling pathway,cell signaling,kinase,protein kinase
anemia,liver disease,liver,pancreatitis,jaundice,hepatitis,hepatocellular carcinoma
hiv/aids,hepatitis c virus,immunodeficiency,virus,hepatitis b,hiv
estrogen receptor,luteinizing hormone,hormone,testosterone,prolactin,estrogen,cortisol
neuron,dopamine,gabaa receptor,dopaminergic,nmda receptor
vaccine,human papillomavirus,influenza a virus,virus,influenza,infection,influenza vaccine
bipolar disorder,attention deficit hyperactivity disorder,traumatic brain injury,multiple sclerosis,brain damage,major depressive disorder,schizophrenia,vascular dementia,neurological disorder
ischemia,pulmonary hypertension,nephrotic syndrome,chronic kidney disease,kidney
streptococcus,infection,staphylococcus aureus,antibiotics,pathogenic bacteria
hypoglycemia,diabetes mellitus,insulin (medication),blood sugar,lipid,hyperglycemia,insulin resistance
inflammation,endothelium,tumor microenvironment
schizoaffective disorder,psychosis,social anxiety disorder,mental disorder,borderline personality disorder,posttraumatic stress disorder,bipolar disorder,mood disorder
reproductive system,uterus,sexual reproduction,oocyte,sperm,blastocyst,ovulation,spermatogenesis,zygote,embryo
aorta,mitral valve,ventricular fibrillation,aortic valve,ischemia,heart failure,cardiac arrhythmia
dna methylation,dna repair,dna,cell cycle,rna,dna replication,gene
colorectal cancer,renal cell carcinoma,malignancy,chemotherapy,adenocarcinoma,prostate cancer,metastasis,carcinogenesis,lymphoma,hepatocellular carcinoma,carcinoma
pathogenic bacteria,bacteria,pseudomonas,microorganism,staphylococcus aureus
immunohistochemistry,immunofluorescence
medical diagnosis,infection,skin biopsy,diagnosis,biopsy
hematopoietic stem cell transplantation,leukemia,kidney transplantation,cancer,radiation therapy,organ transplantation,liver transplantation
weight loss,nutrition,b vitamins,healthy diet,dietary fiber,folic acid,vitamin b12,dietary supplement
nuclear magnetic resonance,chromatography,solubility,high-performance liquid chromatography
cellular differentiation,autophagy,cell culture,cell growth
nuclear magnetic resonance,ultrasound,tomography,optical coherence tomography,medical imaging
osteoporosis,calcification,bone tissue,collagen
oxidative stress,reactive oxygen species,antioxidant,oxidative phosphorylation
gene expression,gene,gene product
radiation therapy,cancer,chemotherapy
optic nerve,eye,glaucoma,visual acuity,astigmatism (eye),human eye,visual system
protein structure,amino acid,protein,c-terminus,protein domain
phenotype,human genome,mutation,genetics,chromosome 7 (human),point mutation,genetic association,genetic variation,y chromosome
prenatal care,fetus,infant mortality,childbirth,preterm birth,maternal health,birth
elective surgery,local anesthesia,intubation,surgery
knee,lateral meniscus,ankle,tibia
adjuvant therapy,chemotherapy,clinical research,pharmacotherapy,therapy
concussion,traumatic brain injury,head injury,nervous system,spinal cord injury,brain injury,brain,brain damage
mental disorder,symptom,differential diagnosis,psychosis
motor neuron,membrane potential,stimulus (physiology),sympathetic nervous system,central nervous system,nervous system
crop,seedling
silicon,nanoparticle,graphene,carbon nanotube
enzyme inhibitor,dopamine,cytochrome p450
human genome,gene,dna methylation,genomic dna,gene product,protein,gene expression,non-coding rna
genetic analysis,phylogeography,mitochondrial dna,eukaryote,population genetics,genome size,species complex,phylogenetics,mutation
cell membrane,mitochondrion,lipid bilayer
blood flow,blood pressure,hemoglobin,hypoxemia,oxygen
optics,laser,electromagnetic spectrum,laser diode
dimer (chemistry)
membrane potential,adenosine triphosphate,cell membrane
apoptosis,cancer cell,cell death,immune system,cellular differentiation,t cell
sexual violence,domestic violence,alcohol abuse,physical abuse,sexual abuse,human trafficking,abuse
parenting,child development,youth,child,early childhood,adolescence,puberty,childhood,infant
medical school,primary care,physician assistant,health education,nursing,medicine,health professional,hospital,medical education
catheter
targeted therapy,chemotherapy,clinical research
measurement,test (assessment),predictive validity,program evaluation,data collection,evaluation,standardized test
platelet
myocardial infarction,heart failure
population growth,mortality rate,incidence rate,survival rate,population decline
pharmacokinetics
biopsy
data collection,software,information
therapy,adjuvant therapy,chemotherapy,hormone therapy,clinical trial,cognitive behavioral therapy
adsorption,evaporation
polymer,nanocomposite
factor analysis,data analysis
blood test,diagnostic test
visual perception
clinical trial,cancer,prognosis
brain,working memory,semantic memory,visual memory,cognition,recognition memory
blood pressure
endurance training,muscle tone,agility,strength training,physical exercise
methodology,data analysis,computation,principal component analysis,finite element method
larva,parasitoid,sexual reproduction,sperm competition,insect
clinical psychology,child development,prosocial behavior,psychology,social support,psychological research,social behavior,sociology,socialization,education
complex system
mathematical model,computer simulation,parameter,regression analysis,estimation
ozone,soil
