vmware server virtual oracle update virtualization application infrastructure management microsoft
obama mccain campaign john barack president senator candidate convention clinton
file windows software server version install user microsoft application support
drive computer card laptop memory battery usb intel processor hard
game play video xbox 360 wii gaming player release nintendo
vote house election poll bill republican party voter candidate senate
health patient medical doctor hospital disease cancer care drug study
food eat cook chicken recipe cup cheese add taste tomato
god church jesus christian faith lord christ catholic give prayer
china chinese olympics gold olympic team win beijing medal sport
palin sarah mccain alaska governor president republican woman john vice
look white color black red hair blue light green eye
financial bank market government mortgage bailout billion street wall crisis
weight body fat diet food health eat exercise loss healthy
car power vehicle seat rear wheel engine drive air front
site web google search website online internet social content user
oil energy gas water power fuel global price plant natural
cell gene protein function study elegan expression mutant suggest brain
phone mobile iphone device internet service google app read source
music song band album play sound rock track guitar listen
game team run hit season win baseball sox pitch start
family brother die sister father mother dad tell son wife
court law case police charge legal judge crime report federal
size shoe bag wear pair fit foot pocket leather weight
school student university college teacher class education learn high program
game team season play football player win week fan coach
store sell sale item buy coffee shop price box gift
business company technology product customer service provide management development system
military force war army soldier gun fire air guard u.s.
room bedroom floor apartment kitchen bath call large include center
million price percent tax market increase rate number report average
wear baby dress wedding look love clothes girl kid need
child woman family kid parent baby mother home husband young
book read write story author writer review library page publish
love look want friend fun thing enjoy think girl meet
apple ipod mac pro sep touch 2008 ring itune phone
word write language english read mean speak letter call learn
camera digital video feature system image screen control display include
code user datum string create object database type set function
iraq war government attack iran country american president bush israel
night week home sleep hour morning today feel weekend bed
earth sun space light clark planet wind moon ice lex
church arch wall building window gothic nave side vault tower
picture portrait paint painter figure master painting gallery raphael titian
plant tree fruit grow soil foot leaf seed root flower
god church christian thing word christ religion divine sin sermon
church florence pope italy rome city san venice chapel giovanni
art artist picture painter painting paint museum drawing study colour
child labor case head uterus pregnancy woman pelvis uterine pain
ship naval navy war fleet vessel officer sea gun speed
case operation patient surgery tumor treatment wound hospital disease practice
school teacher child education pupil study art class teach student
music musical part opera play concert sing composer song beethoven
house room wall floor plan window home door build roof
century fig plate church basilica roman christian mosaic byzantine rome
acid solution water iron copper metal silver form gold liquid
city wall place ancient statue rome palace marble temple roman
building architecture architect design architectural house plan style detail palace
inch foot weight square equal length beam pressure pound area
bone tissue form muscle part cell joint side surface body
chinese japanese ware colour china porcelain pottery century japan piece
san los california city angeles arizona mile mexico valley land
king emperor france prince duke pope french german louis charles
love heart thou soul woman hear thee friend tell child
island ship coast river captain sea boat sail land company
museum vase ornament style collection figure cyprus paint bronze pottery
water foot concrete cement construction wall air heat inch stone
spain philip spanish cathedral reign madrid san juan century iv.
mr. mrs. young lady look friend tell mother miss father
war army enemy battle force general attack troops march line
tree garden landscape flower plant house beautiful place country beauty
church cathedral century english bishop england chapel style abbey early
nature mind human science thought truth law moral power natural
portrait lady collection sir duke queen john charles head william
play poet story character theatre stage write poetry drama poem
water air experiment wire heat produce temperature tube mr. electricity
gun steel fire speed inch boat no. engine engineer machine
sun star object light earth moon distance place body motion
voice word sound speech art note tone expression syllable form
party campaign candidate political mccain election vote republican democratic voter
israel peace barak israeli minister palestinian agreement prime leader palestinians
game run hit pitch season dodgers start inning innings mets
health drug patient doctor medical care hospital treatment disease dr.
stock fund market investor share trading firm investment exchange bond
kosovo war nato milosevic albanian serb india refugee yugoslavia force
food wine restaurant eat drink bottle beer coffee bar ice
court law case lawyer judge legal lawsuit decision attorney file
bill house senate republican vote congress committee republicans clinton leader
art museum artist show painting collection exhibition gallery exhibit york
sell sale store buy customer company business price product consumer
game team play season yard coach quarterback nfl run football
show television network series fox cbs nbc watch abc station
car vehicle drive ford seat driver truck road engine auto
plane kennedy flight fly pilot airline airport air search passenger
bank money financial economy loan market business dollar account banking
worker job union employee company labor pay contract benefit employer
bush campaign texas george governor candidate presidential republican poll iowa
coach game play season football team player yard quarterback college
investigation fbi official department federal agent investigator charge attorney evidence
farmer farm food crop grow plant field agriculture land product
china chinese japan taiwan north beijing korea japanese government official
cup cook minute add pepper salt serve tablespoon oil sauce
cell cancer human gene test mouse scientist brain research skin
baseball league game player season team home hit play fan
golf play cup ryder woods player win hole club team
military war force nuclear u.s. weapon air defense army security
game play season team player cowboys point dallas jones coach
fish animal dog boat bird sea water river fishing species
computer internet software system microsoft technology company service network program
book write writer story read author publish reader editor page
music band song rock record album play show pop artist
tax cut money billion million program budget pay government plan
race smith driver car win nascar cup gordon team season
hurricane storm beach north florida coast wind floyd county island
prison crime murder police death charge case arrest kill county
government political country leader president power party minister democracy protest
university college student professor umpire school harvard graduate president campus
wear fashion look dress show designer woman style clothes design
child parent kid baby young adult girl age care home
family home father mother son wife friend live daughter tell
house room wall home floor door wood paint window place
fight lewis ray bob hoya boxing ring king vegas champion
russia russian east timor moscow indonesia yeltsin force military rebel
theater play music opera dance ms. festival performance york director
team sport game soccer cup play player woman u.s. goal
san francisco california brown bay chronicle area business valley santa
phone card call video e-mail number check mail offer device
school student education teacher high program test class board district
film movie star director hollywood actor minute direct story witch
space moon earth nasa mission science scientist launch collins station
gun police shooting kill officer shoot violence barton law fire
percent rate increase price rise million market month report number
team million season contract deal player agent sign trade play
water plant summer heat tree air garden mountain temperature hot
company business executive million deal billion chief inc. share market
race win horse armstrong ride tour track rider run park
woman ms. sex sexual male female age bill begin husband
city street town area park building kansas build county resident
artery vascular coronary stent vein vessel carotid aortic aneurysm arterial
cancer breast prostate node tumor lymph colorectal lung metastatic patient
lung pulmonary asthma disease intestinal airway chronic bowel inflammation respiratory
cell response immune lymphocyte antigen cytokine t-cell induce receptor immunity
kinase pathway signal activation protein phosphorylation cell receptor inhibitor signaling
liver hepatic resistance hepatocyte bile disease fibrosis biliary cirrhosis portal
infection virus viral hiv hepatitis tuberculosis parasite hiv-1 host hcv
hormone thyroid level growth receptor estrogen effect gland cortisol testosterone
receptor neuron antagonist neuronal agonist brain effect synaptic dopamine increase
virus vaccine influenza infection vaccination pig human hpv disease antibody
disease patient schizophrenia dementia alzheimer sclerosis multiple parkinson brain cognitive
renal kidney hypertension pressure blood function disease urinary chronic dialysis
infection antibiotic isolate aureus pneumonia resistance staphylococcus antimicrobial culture susceptibility
diabetes glucose insulin type diabetic cholesterol level lipoprotein control lipid
expression endothelial inflammatory factor cell cytokine macrophage inflammation increase effect
pain disorder symptom depression anxiety patient chronic depressive study psychiatric
embryo sperm ovarian oocyte cycle reproductive rate stage testicular follicle
cardiac heart ventricular patient myocardial failure valve atrial left leave
dna methylation damage repair chromosome histone cell gene replication promoter
tumor cell carcinoma expression cancer tissue tumour malignant invasion growth
strain isolate bacterium bacterial coli gene type escherichia biofilm species
antibody assay detection method probe detect protein specific fluorescence target
patient diagnosis diagnostic lesion sensitivity result biopsy specificity finding clinical
patient transplantation transplant donor recipient chemotherapy response leukemia acute survival
food intake diet dietary vitamin feed smoking consumption supplementation effect
method sample mass analysis spectrometry liquid extraction determination detection chromatography
cell stem culture human differentiation tissue proliferation adhesion growth vitro
image imaging volume magnetic mri resonance method tomography contrast measurement
bone fracture density cartilage collagen formation defect mineral osteoporosis marrow
stress oxidative mitochondrial activity antioxidant oxygen increase reactive enzyme species
gene expression protein rna transcription factor regulate promoter target regulation
gastric dose radiation patient pancreatic treatment radiotherapy cancer neck head
eye visual retinal corneal lens ocular purpose result acuity patient
protein binding domain structure peptide site residue interaction acid structural
mutation gene genetic polymorphism genotype allele association study variant population
woman pregnancy infant birth maternal fetal neonatal mother week delivery
patient surgery surgical complication postoperative procedure result undergo perform case
knee joint degree fracture hip tendon pain foot anterior lateral
patient treatment management clinical drug medication guideline therapy risk review
injury brain spinal cord cerebral trauma matter white follow ischemium
patient syndrome case disease clinical report present severe symptom disorder
nerve stimulation response activity neuron frequency sensory motor potential change
plant leaf seed root growth arabidopsis rice wheat fruit stress
surface film nanoparticle carbon layer electrode sensor nanotube substrate gold
activity compound inhibitor extract inhibition show vitro effect acid derivative
gene expression analysis protein identify express sequence mrna profile genome
species sequence evolution population analysis phylogenetic diversity genetic genome region
protein membrane cell fusion function complex show localization activity cellular
blood pressure flow increase respiratory oxygen rate ventilation change transfusion
light laser optical spectrum pulse field intensity mode frequency band
reaction complex synthesis ligand bond structure compound form formation group
channel ca( calcium current cell increase effect release muscle intracellular
cell apoptosis line expression effect induce death human proliferation cancer
alcohol sexual drug abuse woman sex report substance partner behavior
child age adult young pediatric adolescent childhood older study parent
care practice patient nurse student medical study physician program training
implant technique device procedure method placement tube place catheter position
disease review development recent clinical target therapeutic therapy drug potential
score quality scale measure assess assessment study questionnaire test result
concentration plasma dog fluid blood serum human study cat sodium
patient acute mortality stroke hospital outcome event admission risk death
rate population prevalence study incidence datum increase mortality age death
dose iron study pharmacokinetic drug concentration administration oral plasma 2010
case report lesion present rare diagnosis lymphoma mass cyst reveal
system cost datum tool analysis provide design technology develop information
treatment patient trial therapy study month week efficacy effect receive
phase solution water surface adsorption form study temperature structure formation
polymer release property scaffold particle nanoparticle material delivery show surface
correlation analysis sleep index correlate predict significant study variable curve
sample test screening positive testing pcr milk screen cow result
response task stimulus effect visual condition participant processing experiment movement
patient survival disease outcome clinical factor analysis month follow-up stage
memory cognitive brain cortex region functional performance task area study
level patient serum control healthy blood higher significantly marker subject
muscle exercise activity training physical increase test force strength performance
method datum algorithm analysis approach network set base propose result
female male population species egg selection host larva effect insect
social study adolescent relationship health behavior factor family examine school
process mechanism role network function interaction system change complex control
model datum estimate method predict parameter result base rate simulation
exposure concentration water soil metal study environmental level sample air
