vmware server
obama mccain
file windows
drive computer
game play
vote house
health patient
food eat
god church
china chinese
palin sarah
look white
financial bank
weight body
car power
site web
oil energy
cell gene
phone mobile
music song
game team
family brother
court law
size shoe
school student
game team
store sell
business company
military force
room bedroom
million price
wear baby
child woman
book read
love look
apple ipod
word write
camera digital
code user
iraq war
night week
earth sun
church arch
picture portrait
plant tree
god church
church florence
art artist
child labor
ship naval
case operation
school teacher
music musical
house room
century fig
acid solution
city wall
building architecture
inch foot
bone tissue
chinese japanese
san los
king emperor
love heart
island ship
museum vase
water foot
spain philip
mr. mrs.
war army
tree garden
church cathedral
nature mind
portrait lady
play poet
water air
gun steel
sun star
voice word
party campaign
israel peace
game run
health drug
stock fund
kosovo war
food wine
court law
bill house
art museum
sell sale
game team
show television
car vehicle
plane kennedy
bank money
worker job
bush campaign
coach game
investigation fbi
farmer farm
china chinese
cup cook
cell cancer
baseball league
golf play
military war
game play
fish animal
computer internet
book write
music band
tax cut
race smith
hurricane storm
prison crime
government political
university college
wear fashion
child parent
family home
house room
fight lewis
russia russian
theater play
team sport
san francisco
phone card
school student
film movie
space moon
gun police
percent rate
team million
water plant
company business
race win
woman ms.
city street
artery vascular
cancer breast
lung pulmonary
cell response
kinase pathway
liver hepatic
infection virus
hormone thyroid
receptor neuron
virus vaccine
disease patient
renal kidney
infection antibiotic
diabetes glucose
expression endothelial
pain disorder
embryo sperm
cardiac heart
dna methylation
tumor cell
strain isolate
antibody assay
patient diagnosis
patient transplantation
food intake
method sample
cell stem
image imaging
bone fracture
stress oxidative
gene expression
gastric dose
eye visual
protein binding
mutation gene
woman pregnancy
patient surgery
knee joint
patient treatment
injury brain
patient syndrome
nerve stimulation
plant leaf
surface film
activity compound
gene expression
species sequence
protein membrane
blood pressure
light laser
reaction complex
channel ca(
cell apoptosis
alcohol sexual
child age
care practice
implant technique
disease review
score quality
concentration plasma
patient acute
rate population
dose iron
case report
system cost
treatment patient
phase solution
polymer release
correlation analysis
sample test
response task
patient survival
memory cognitive
level patient
muscle exercise
method datum
female male
social study
process mechanism
model datum
exposure concentration
